<?xml version="1.0" encoding="UTF-8"?>
<testsuite xmlns:xsi="http://www.w3.org/2001/XMLSchema-instance" xsi:noNamespaceSchemaLocation="https://maven.apache.org/surefire/maven-surefire-plugin/xsd/surefire-test-report.xsd" name="org.youyuan.jwt.JwtApplicationTests" time="5.306" tests="1" errors="0" skipped="0" failures="0">
  <properties>
    <property name="sun.desktop" value="windows"/>
    <property name="awt.toolkit" value="sun.awt.windows.WToolkit"/>
    <property name="file.encoding.pkg" value="sun.io"/>
    <property name="java.specification.version" value="1.8"/>
    <property name="sun.cpu.isalist" value="amd64"/>
    <property name="sun.jnu.encoding" value="GBK"/>
    <property name="java.class.path" value="E:\Java\notes\jwt\target\test-classes;E:\Java\notes\jwt\target\classes;D:\应用\Maven\Localhost Storehouse\org\springframework\boot\spring-boot-starter-web\2.4.2\spring-boot-starter-web-2.4.2.jar;D:\应用\Maven\Localhost Storehouse\org\springframework\boot\spring-boot-starter\2.4.2\spring-boot-starter-2.4.2.jar;D:\应用\Maven\Localhost Storehouse\org\springframework\boot\spring-boot-starter-logging\2.4.2\spring-boot-starter-logging-2.4.2.jar;D:\应用\Maven\Localhost Storehouse\ch\qos\logback\logback-classic\1.2.3\logback-classic-1.2.3.jar;D:\应用\Maven\Localhost Storehouse\ch\qos\logback\logback-core\1.2.3\logback-core-1.2.3.jar;D:\应用\Maven\Localhost Storehouse\org\apache\logging\log4j\log4j-to-slf4j\2.13.3\log4j-to-slf4j-2.13.3.jar;D:\应用\Maven\Localhost Storehouse\org\apache\logging\log4j\log4j-api\2.13.3\log4j-api-2.13.3.jar;D:\应用\Maven\Localhost Storehouse\org\slf4j\jul-to-slf4j\1.7.30\jul-to-slf4j-1.7.30.jar;D:\应用\Maven\Localhost Storehouse\jakarta\annotation\jakarta.annotation-api\1.3.5\jakarta.annotation-api-1.3.5.jar;D:\应用\Maven\Localhost Storehouse\org\yaml\snakeyaml\1.27\snakeyaml-1.27.jar;D:\应用\Maven\Localhost Storehouse\org\springframework\boot\spring-boot-starter-json\2.4.2\spring-boot-starter-json-2.4.2.jar;D:\应用\Maven\Localhost Storehouse\com\fasterxml\jackson\datatype\jackson-datatype-jdk8\2.11.4\jackson-datatype-jdk8-2.11.4.jar;D:\应用\Maven\Localhost Storehouse\com\fasterxml\jackson\datatype\jackson-datatype-jsr310\2.11.4\jackson-datatype-jsr310-2.11.4.jar;D:\应用\Maven\Localhost Storehouse\com\fasterxml\jackson\module\jackson-module-parameter-names\2.11.4\jackson-module-parameter-names-2.11.4.jar;D:\应用\Maven\Localhost Storehouse\org\springframework\boot\spring-boot-starter-tomcat\2.4.2\spring-boot-starter-tomcat-2.4.2.jar;D:\应用\Maven\Localhost Storehouse\org\apache\tomcat\embed\tomcat-embed-core\9.0.41\tomcat-embed-core-9.0.41.jar;D:\应用\Maven\Localhost Storehouse\org\apache\tomcat\embed\tomcat-embed-websocket\9.0.41\tomcat-embed-websocket-9.0.41.jar;D:\应用\Maven\Localhost Storehouse\org\springframework\spring-web\5.3.3\spring-web-5.3.3.jar;D:\应用\Maven\Localhost Storehouse\org\springframework\spring-beans\5.3.3\spring-beans-5.3.3.jar;D:\应用\Maven\Localhost Storehouse\org\springframework\spring-webmvc\5.3.3\spring-webmvc-5.3.3.jar;D:\应用\Maven\Localhost Storehouse\org\springframework\spring-aop\5.3.3\spring-aop-5.3.3.jar;D:\应用\Maven\Localhost Storehouse\org\springframework\spring-context\5.3.3\spring-context-5.3.3.jar;D:\应用\Maven\Localhost Storehouse\org\springframework\spring-expression\5.3.3\spring-expression-5.3.3.jar;D:\应用\Maven\Localhost Storehouse\org\springframework\boot\spring-boot-devtools\2.4.2\spring-boot-devtools-2.4.2.jar;D:\应用\Maven\Localhost Storehouse\org\springframework\boot\spring-boot\2.4.2\spring-boot-2.4.2.jar;D:\应用\Maven\Localhost Storehouse\org\springframework\boot\spring-boot-autoconfigure\2.4.2\spring-boot-autoconfigure-2.4.2.jar;D:\应用\Maven\Localhost Storehouse\org\projectlombok\lombok\1.18.16\lombok-1.18.16.jar;D:\应用\Maven\Localhost Storehouse\org\springframework\boot\spring-boot-starter-test\2.4.2\spring-boot-starter-test-2.4.2.jar;D:\应用\Maven\Localhost Storehouse\org\springframework\boot\spring-boot-test\2.4.2\spring-boot-test-2.4.2.jar;D:\应用\Maven\Localhost Storehouse\org\springframework\boot\spring-boot-test-autoconfigure\2.4.2\spring-boot-test-autoconfigure-2.4.2.jar;D:\应用\Maven\Localhost Storehouse\com\jayway\jsonpath\json-path\2.4.0\json-path-2.4.0.jar;D:\应用\Maven\Localhost Storehouse\net\minidev\json-smart\2.3\json-smart-2.3.jar;D:\应用\Maven\Localhost Storehouse\net\minidev\accessors-smart\1.2\accessors-smart-1.2.jar;D:\应用\Maven\Localhost Storehouse\jakarta\xml\bind\jakarta.xml.bind-api\2.3.3\jakarta.xml.bind-api-2.3.3.jar;D:\应用\Maven\Localhost Storehouse\jakarta\activation\jakarta.activation-api\1.2.2\jakarta.activation-api-1.2.2.jar;D:\应用\Maven\Localhost Storehouse\org\assertj\assertj-core\3.18.1\assertj-core-3.18.1.jar;D:\应用\Maven\Localhost Storehouse\org\hamcrest\hamcrest\2.2\hamcrest-2.2.jar;D:\应用\Maven\Localhost Storehouse\org\junit\jupiter\junit-jupiter\5.7.0\junit-jupiter-5.7.0.jar;D:\应用\Maven\Localhost Storehouse\org\junit\jupiter\junit-jupiter-api\5.7.0\junit-jupiter-api-5.7.0.jar;D:\应用\Maven\Localhost Storehouse\org\apiguardian\apiguardian-api\1.1.0\apiguardian-api-1.1.0.jar;D:\应用\Maven\Localhost Storehouse\org\opentest4j\opentest4j\1.2.0\opentest4j-1.2.0.jar;D:\应用\Maven\Localhost Storehouse\org\junit\platform\junit-platform-commons\1.7.0\junit-platform-commons-1.7.0.jar;D:\应用\Maven\Localhost Storehouse\org\junit\jupiter\junit-jupiter-params\5.7.0\junit-jupiter-params-5.7.0.jar;D:\应用\Maven\Localhost Storehouse\org\junit\jupiter\junit-jupiter-engine\5.7.0\junit-jupiter-engine-5.7.0.jar;D:\应用\Maven\Localhost Storehouse\org\junit\platform\junit-platform-engine\1.7.0\junit-platform-engine-1.7.0.jar;D:\应用\Maven\Localhost Storehouse\org\mockito\mockito-core\3.6.28\mockito-core-3.6.28.jar;D:\应用\Maven\Localhost Storehouse\net\bytebuddy\byte-buddy\1.10.19\byte-buddy-1.10.19.jar;D:\应用\Maven\Localhost Storehouse\net\bytebuddy\byte-buddy-agent\1.10.19\byte-buddy-agent-1.10.19.jar;D:\应用\Maven\Localhost Storehouse\org\objenesis\objenesis\3.1\objenesis-3.1.jar;D:\应用\Maven\Localhost Storehouse\org\mockito\mockito-junit-jupiter\3.6.28\mockito-junit-jupiter-3.6.28.jar;D:\应用\Maven\Localhost Storehouse\org\skyscreamer\jsonassert\1.5.0\jsonassert-1.5.0.jar;D:\应用\Maven\Localhost Storehouse\com\vaadin\external\google\android-json\0.0.20131108.vaadin1\android-json-0.0.20131108.vaadin1.jar;D:\应用\Maven\Localhost Storehouse\org\springframework\spring-core\5.3.3\spring-core-5.3.3.jar;D:\应用\Maven\Localhost Storehouse\org\springframework\spring-jcl\5.3.3\spring-jcl-5.3.3.jar;D:\应用\Maven\Localhost Storehouse\org\springframework\spring-test\5.3.3\spring-test-5.3.3.jar;D:\应用\Maven\Localhost Storehouse\org\xmlunit\xmlunit-core\2.7.0\xmlunit-core-2.7.0.jar;D:\应用\Maven\Localhost Storehouse\io\jsonwebtoken\jjwt\0.9.0\jjwt-0.9.0.jar;D:\应用\Maven\Localhost Storehouse\com\fasterxml\jackson\core\jackson-databind\2.11.4\jackson-databind-2.11.4.jar;D:\应用\Maven\Localhost Storehouse\com\fasterxml\jackson\core\jackson-core\2.11.4\jackson-core-2.11.4.jar;D:\应用\Maven\Localhost Storehouse\com\github\pagehelper\pagehelper-spring-boot-starter\1.2.3\pagehelper-spring-boot-starter-1.2.3.jar;D:\应用\Maven\Localhost Storehouse\org\mybatis\spring\boot\mybatis-spring-boot-starter\1.3.1\mybatis-spring-boot-starter-1.3.1.jar;D:\应用\Maven\Localhost Storehouse\org\mybatis\spring\boot\mybatis-spring-boot-autoconfigure\1.3.1\mybatis-spring-boot-autoconfigure-1.3.1.jar;D:\应用\Maven\Localhost Storehouse\com\github\pagehelper\pagehelper-spring-boot-autoconfigure\1.2.3\pagehelper-spring-boot-autoconfigure-1.2.3.jar;D:\应用\Maven\Localhost Storehouse\com\github\pagehelper\pagehelper\5.1.2\pagehelper-5.1.2.jar;D:\应用\Maven\Localhost Storehouse\com\github\jsqlparser\jsqlparser\1.0\jsqlparser-1.0.jar;D:\应用\Maven\Localhost Storehouse\com\baomidou\mybatis-plus-boot-starter\3.1.2\mybatis-plus-boot-starter-3.1.2.jar;D:\应用\Maven\Localhost Storehouse\com\baomidou\mybatis-plus\3.1.2\mybatis-plus-3.1.2.jar;D:\应用\Maven\Localhost Storehouse\com\baomidou\mybatis-plus-extension\3.1.2\mybatis-plus-extension-3.1.2.jar;D:\应用\Maven\Localhost Storehouse\com\baomidou\mybatis-plus-core\3.1.2\mybatis-plus-core-3.1.2.jar;D:\应用\Maven\Localhost Storehouse\com\baomidou\mybatis-plus-annotation\3.1.2\mybatis-plus-annotation-3.1.2.jar;D:\应用\Maven\Localhost Storehouse\org\mybatis\mybatis\3.5.1\mybatis-3.5.1.jar;D:\应用\Maven\Localhost Storehouse\org\mybatis\mybatis-spring\2.0.1\mybatis-spring-2.0.1.jar;D:\应用\Maven\Localhost Storehouse\org\springframework\boot\spring-boot-starter-jdbc\2.4.2\spring-boot-starter-jdbc-2.4.2.jar;D:\应用\Maven\Localhost Storehouse\com\zaxxer\HikariCP\3.4.5\HikariCP-3.4.5.jar;D:\应用\Maven\Localhost Storehouse\org\springframework\spring-jdbc\5.3.3\spring-jdbc-5.3.3.jar;D:\应用\Maven\Localhost Storehouse\commons-codec\commons-codec\1.11\commons-codec-1.11.jar;D:\应用\Maven\Localhost Storehouse\mysql\mysql-connector-java\8.0.22\mysql-connector-java-8.0.22.jar;D:\应用\Maven\Localhost Storehouse\com\alibaba\druid-spring-boot-starter\1.1.21\druid-spring-boot-starter-1.1.21.jar;D:\应用\Maven\Localhost Storehouse\com\alibaba\druid\1.1.21\druid-1.1.21.jar;D:\应用\Maven\Localhost Storehouse\org\slf4j\slf4j-api\1.7.30\slf4j-api-1.7.30.jar;D:\应用\Maven\Localhost Storehouse\org\springframework\boot\spring-boot-configuration-processor\2.4.2\spring-boot-configuration-processor-2.4.2.jar;D:\应用\Maven\Localhost Storehouse\com\alibaba\fastjson\1.2.75\fastjson-1.2.75.jar;D:\应用\Maven\Localhost Storehouse\io\springfox\springfox-swagger2\2.9.2\springfox-swagger2-2.9.2.jar;D:\应用\Maven\Localhost Storehouse\io\springfox\springfox-spi\2.9.2\springfox-spi-2.9.2.jar;D:\应用\Maven\Localhost Storehouse\io\springfox\springfox-core\2.9.2\springfox-core-2.9.2.jar;D:\应用\Maven\Localhost Storehouse\io\springfox\springfox-schema\2.9.2\springfox-schema-2.9.2.jar;D:\应用\Maven\Localhost Storehouse\io\springfox\springfox-swagger-common\2.9.2\springfox-swagger-common-2.9.2.jar;D:\应用\Maven\Localhost Storehouse\io\springfox\springfox-spring-web\2.9.2\springfox-spring-web-2.9.2.jar;D:\应用\Maven\Localhost Storehouse\com\google\guava\guava\20.0\guava-20.0.jar;D:\应用\Maven\Localhost Storehouse\com\fasterxml\classmate\1.5.1\classmate-1.5.1.jar;D:\应用\Maven\Localhost Storehouse\org\springframework\plugin\spring-plugin-core\1.2.0.RELEASE\spring-plugin-core-1.2.0.RELEASE.jar;D:\应用\Maven\Localhost Storehouse\org\springframework\plugin\spring-plugin-metadata\1.2.0.RELEASE\spring-plugin-metadata-1.2.0.RELEASE.jar;D:\应用\Maven\Localhost Storehouse\org\mapstruct\mapstruct\1.2.0.Final\mapstruct-1.2.0.Final.jar;D:\应用\Maven\Localhost Storehouse\io\springfox\springfox-swagger-ui\2.9.2\springfox-swagger-ui-2.9.2.jar;D:\应用\Maven\Localhost Storehouse\io\swagger\swagger-annotations\1.5.21\swagger-annotations-1.5.21.jar;D:\应用\Maven\Localhost Storehouse\io\swagger\swagger-models\1.5.21\swagger-models-1.5.21.jar;D:\应用\Maven\Localhost Storehouse\com\fasterxml\jackson\core\jackson-annotations\2.11.4\jackson-annotations-2.11.4.jar;D:\应用\Maven\Localhost Storehouse\org\apache\commons\commons-lang3\3.7\commons-lang3-3.7.jar;D:\应用\Maven\Localhost Storehouse\org\springframework\boot\spring-boot-starter-validation\2.4.2\spring-boot-starter-validation-2.4.2.jar;D:\应用\Maven\Localhost Storehouse\org\glassfish\jakarta.el\3.0.3\jakarta.el-3.0.3.jar;D:\应用\Maven\Localhost Storehouse\org\hibernate\validator\hibernate-validator\6.1.7.Final\hibernate-validator-6.1.7.Final.jar;D:\应用\Maven\Localhost Storehouse\jakarta\validation\jakarta.validation-api\2.0.2\jakarta.validation-api-2.0.2.jar;D:\应用\Maven\Localhost Storehouse\org\jboss\logging\jboss-logging\3.4.1.Final\jboss-logging-3.4.1.Final.jar;D:\应用\Maven\Localhost Storehouse\org\springframework\boot\spring-boot-starter-data-redis\2.4.2\spring-boot-starter-data-redis-2.4.2.jar;D:\应用\Maven\Localhost Storehouse\org\springframework\data\spring-data-redis\2.4.3\spring-data-redis-2.4.3.jar;D:\应用\Maven\Localhost Storehouse\org\springframework\data\spring-data-keyvalue\2.4.3\spring-data-keyvalue-2.4.3.jar;D:\应用\Maven\Localhost Storehouse\org\springframework\data\spring-data-commons\2.4.3\spring-data-commons-2.4.3.jar;D:\应用\Maven\Localhost Storehouse\org\springframework\spring-tx\5.3.3\spring-tx-5.3.3.jar;D:\应用\Maven\Localhost Storehouse\org\springframework\spring-oxm\5.3.3\spring-oxm-5.3.3.jar;D:\应用\Maven\Localhost Storehouse\io\lettuce\lettuce-core\6.0.2.RELEASE\lettuce-core-6.0.2.RELEASE.jar;D:\应用\Maven\Localhost Storehouse\io\netty\netty-common\4.1.58.Final\netty-common-4.1.58.Final.jar;D:\应用\Maven\Localhost Storehouse\io\netty\netty-handler\4.1.58.Final\netty-handler-4.1.58.Final.jar;D:\应用\Maven\Localhost Storehouse\io\netty\netty-resolver\4.1.58.Final\netty-resolver-4.1.58.Final.jar;D:\应用\Maven\Localhost Storehouse\io\netty\netty-buffer\4.1.58.Final\netty-buffer-4.1.58.Final.jar;D:\应用\Maven\Localhost Storehouse\io\netty\netty-codec\4.1.58.Final\netty-codec-4.1.58.Final.jar;D:\应用\Maven\Localhost Storehouse\io\netty\netty-transport\4.1.58.Final\netty-transport-4.1.58.Final.jar;D:\应用\Maven\Localhost Storehouse\io\projectreactor\reactor-core\3.4.2\reactor-core-3.4.2.jar;D:\应用\Maven\Localhost Storehouse\org\reactivestreams\reactive-streams\1.0.3\reactive-streams-1.0.3.jar;D:\应用\Maven\Localhost Storehouse\org\springframework\boot\spring-boot-starter-mail\2.4.2\spring-boot-starter-mail-2.4.2.jar;D:\应用\Maven\Localhost Storehouse\org\springframework\spring-context-support\5.3.3\spring-context-support-5.3.3.jar;D:\应用\Maven\Localhost Storehouse\com\sun\mail\jakarta.mail\1.6.5\jakarta.mail-1.6.5.jar;D:\应用\Maven\Localhost Storehouse\com\sun\activation\jakarta.activation\1.2.2\jakarta.activation-1.2.2.jar;D:\应用\Maven\Localhost Storehouse\org\springframework\boot\spring-boot-starter-thymeleaf\2.4.2\spring-boot-starter-thymeleaf-2.4.2.jar;D:\应用\Maven\Localhost Storehouse\org\thymeleaf\thymeleaf-spring5\3.0.12.RELEASE\thymeleaf-spring5-3.0.12.RELEASE.jar;D:\应用\Maven\Localhost Storehouse\org\thymeleaf\thymeleaf\3.0.12.RELEASE\thymeleaf-3.0.12.RELEASE.jar;D:\应用\Maven\Localhost Storehouse\org\attoparser\attoparser\2.0.5.RELEASE\attoparser-2.0.5.RELEASE.jar;D:\应用\Maven\Localhost Storehouse\org\unbescape\unbescape\1.1.6.RELEASE\unbescape-1.1.6.RELEASE.jar;D:\应用\Maven\Localhost Storehouse\org\thymeleaf\extras\thymeleaf-extras-java8time\3.0.4.RELEASE\thymeleaf-extras-java8time-3.0.4.RELEASE.jar;D:\应用\Maven\Localhost Storehouse\com\alibaba\easyexcel\2.2.6\easyexcel-2.2.6.jar;D:\应用\Maven\Localhost Storehouse\org\apache\poi\poi\3.17\poi-3.17.jar;D:\应用\Maven\Localhost Storehouse\org\apache\commons\commons-collections4\4.1\commons-collections4-4.1.jar;D:\应用\Maven\Localhost Storehouse\org\apache\poi\poi-ooxml\3.17\poi-ooxml-3.17.jar;D:\应用\Maven\Localhost Storehouse\com\github\virtuald\curvesapi\1.04\curvesapi-1.04.jar;D:\应用\Maven\Localhost Storehouse\org\apache\poi\poi-ooxml-schemas\3.17\poi-ooxml-schemas-3.17.jar;D:\应用\Maven\Localhost Storehouse\org\apache\xmlbeans\xmlbeans\2.6.0\xmlbeans-2.6.0.jar;D:\应用\Maven\Localhost Storehouse\stax\stax-api\1.0.1\stax-api-1.0.1.jar;D:\应用\Maven\Localhost Storehouse\cglib\cglib\3.1\cglib-3.1.jar;D:\应用\Maven\Localhost Storehouse\org\ow2\asm\asm\4.2\asm-4.2.jar;D:\应用\Maven\Localhost Storehouse\org\ehcache\ehcache\3.9.0\ehcache-3.9.0.jar;D:\应用\Maven\Localhost Storehouse\org\glassfish\jaxb\jaxb-runtime\2.3.3\jaxb-runtime-2.3.3.jar;D:\应用\Maven\Localhost Storehouse\org\glassfish\jaxb\txw2\2.3.3\txw2-2.3.3.jar;D:\应用\Maven\Localhost Storehouse\com\sun\istack\istack-commons-runtime\3.0.11\istack-commons-runtime-3.0.11.jar;"/>
    <property name="java.vm.vendor" value="Oracle Corporation"/>
    <property name="sun.arch.data.model" value="64"/>
    <property name="user.variant" value=""/>
    <property name="java.vendor.url" value="http://java.oracle.com/"/>
    <property name="user.timezone" value="Asia/Shanghai"/>
    <property name="java.vm.specification.version" value="1.8"/>
    <property name="os.name" value="Windows 10"/>
    <property name="user.country" value="CN"/>
    <property name="sun.java.launcher" value="SUN_STANDARD"/>
    <property name="sun.boot.library.path" value="D:\JDK\jre\bin"/>
    <property name="sun.java.command" value="C:\Users\YJP\AppData\Local\Temp\surefire2006917281320342146\surefirebooter8967043952370143894.jar C:\Users\YJP\AppData\Local\Temp\surefire2006917281320342146 2021-06-12T17-19-13_067-jvmRun1 surefire4091395847332302176tmp surefire_07440034880067020515tmp"/>
    <property name="surefire.test.class.path" value="E:\Java\notes\jwt\target\test-classes;E:\Java\notes\jwt\target\classes;D:\应用\Maven\Localhost Storehouse\org\springframework\boot\spring-boot-starter-web\2.4.2\spring-boot-starter-web-2.4.2.jar;D:\应用\Maven\Localhost Storehouse\org\springframework\boot\spring-boot-starter\2.4.2\spring-boot-starter-2.4.2.jar;D:\应用\Maven\Localhost Storehouse\org\springframework\boot\spring-boot-starter-logging\2.4.2\spring-boot-starter-logging-2.4.2.jar;D:\应用\Maven\Localhost Storehouse\ch\qos\logback\logback-classic\1.2.3\logback-classic-1.2.3.jar;D:\应用\Maven\Localhost Storehouse\ch\qos\logback\logback-core\1.2.3\logback-core-1.2.3.jar;D:\应用\Maven\Localhost Storehouse\org\apache\logging\log4j\log4j-to-slf4j\2.13.3\log4j-to-slf4j-2.13.3.jar;D:\应用\Maven\Localhost Storehouse\org\apache\logging\log4j\log4j-api\2.13.3\log4j-api-2.13.3.jar;D:\应用\Maven\Localhost Storehouse\org\slf4j\jul-to-slf4j\1.7.30\jul-to-slf4j-1.7.30.jar;D:\应用\Maven\Localhost Storehouse\jakarta\annotation\jakarta.annotation-api\1.3.5\jakarta.annotation-api-1.3.5.jar;D:\应用\Maven\Localhost Storehouse\org\yaml\snakeyaml\1.27\snakeyaml-1.27.jar;D:\应用\Maven\Localhost Storehouse\org\springframework\boot\spring-boot-starter-json\2.4.2\spring-boot-starter-json-2.4.2.jar;D:\应用\Maven\Localhost Storehouse\com\fasterxml\jackson\datatype\jackson-datatype-jdk8\2.11.4\jackson-datatype-jdk8-2.11.4.jar;D:\应用\Maven\Localhost Storehouse\com\fasterxml\jackson\datatype\jackson-datatype-jsr310\2.11.4\jackson-datatype-jsr310-2.11.4.jar;D:\应用\Maven\Localhost Storehouse\com\fasterxml\jackson\module\jackson-module-parameter-names\2.11.4\jackson-module-parameter-names-2.11.4.jar;D:\应用\Maven\Localhost Storehouse\org\springframework\boot\spring-boot-starter-tomcat\2.4.2\spring-boot-starter-tomcat-2.4.2.jar;D:\应用\Maven\Localhost Storehouse\org\apache\tomcat\embed\tomcat-embed-core\9.0.41\tomcat-embed-core-9.0.41.jar;D:\应用\Maven\Localhost Storehouse\org\apache\tomcat\embed\tomcat-embed-websocket\9.0.41\tomcat-embed-websocket-9.0.41.jar;D:\应用\Maven\Localhost Storehouse\org\springframework\spring-web\5.3.3\spring-web-5.3.3.jar;D:\应用\Maven\Localhost Storehouse\org\springframework\spring-beans\5.3.3\spring-beans-5.3.3.jar;D:\应用\Maven\Localhost Storehouse\org\springframework\spring-webmvc\5.3.3\spring-webmvc-5.3.3.jar;D:\应用\Maven\Localhost Storehouse\org\springframework\spring-aop\5.3.3\spring-aop-5.3.3.jar;D:\应用\Maven\Localhost Storehouse\org\springframework\spring-context\5.3.3\spring-context-5.3.3.jar;D:\应用\Maven\Localhost Storehouse\org\springframework\spring-expression\5.3.3\spring-expression-5.3.3.jar;D:\应用\Maven\Localhost Storehouse\org\springframework\boot\spring-boot-devtools\2.4.2\spring-boot-devtools-2.4.2.jar;D:\应用\Maven\Localhost Storehouse\org\springframework\boot\spring-boot\2.4.2\spring-boot-2.4.2.jar;D:\应用\Maven\Localhost Storehouse\org\springframework\boot\spring-boot-autoconfigure\2.4.2\spring-boot-autoconfigure-2.4.2.jar;D:\应用\Maven\Localhost Storehouse\org\projectlombok\lombok\1.18.16\lombok-1.18.16.jar;D:\应用\Maven\Localhost Storehouse\org\springframework\boot\spring-boot-starter-test\2.4.2\spring-boot-starter-test-2.4.2.jar;D:\应用\Maven\Localhost Storehouse\org\springframework\boot\spring-boot-test\2.4.2\spring-boot-test-2.4.2.jar;D:\应用\Maven\Localhost Storehouse\org\springframework\boot\spring-boot-test-autoconfigure\2.4.2\spring-boot-test-autoconfigure-2.4.2.jar;D:\应用\Maven\Localhost Storehouse\com\jayway\jsonpath\json-path\2.4.0\json-path-2.4.0.jar;D:\应用\Maven\Localhost Storehouse\net\minidev\json-smart\2.3\json-smart-2.3.jar;D:\应用\Maven\Localhost Storehouse\net\minidev\accessors-smart\1.2\accessors-smart-1.2.jar;D:\应用\Maven\Localhost Storehouse\jakarta\xml\bind\jakarta.xml.bind-api\2.3.3\jakarta.xml.bind-api-2.3.3.jar;D:\应用\Maven\Localhost Storehouse\jakarta\activation\jakarta.activation-api\1.2.2\jakarta.activation-api-1.2.2.jar;D:\应用\Maven\Localhost Storehouse\org\assertj\assertj-core\3.18.1\assertj-core-3.18.1.jar;D:\应用\Maven\Localhost Storehouse\org\hamcrest\hamcrest\2.2\hamcrest-2.2.jar;D:\应用\Maven\Localhost Storehouse\org\junit\jupiter\junit-jupiter\5.7.0\junit-jupiter-5.7.0.jar;D:\应用\Maven\Localhost Storehouse\org\junit\jupiter\junit-jupiter-api\5.7.0\junit-jupiter-api-5.7.0.jar;D:\应用\Maven\Localhost Storehouse\org\apiguardian\apiguardian-api\1.1.0\apiguardian-api-1.1.0.jar;D:\应用\Maven\Localhost Storehouse\org\opentest4j\opentest4j\1.2.0\opentest4j-1.2.0.jar;D:\应用\Maven\Localhost Storehouse\org\junit\platform\junit-platform-commons\1.7.0\junit-platform-commons-1.7.0.jar;D:\应用\Maven\Localhost Storehouse\org\junit\jupiter\junit-jupiter-params\5.7.0\junit-jupiter-params-5.7.0.jar;D:\应用\Maven\Localhost Storehouse\org\junit\jupiter\junit-jupiter-engine\5.7.0\junit-jupiter-engine-5.7.0.jar;D:\应用\Maven\Localhost Storehouse\org\junit\platform\junit-platform-engine\1.7.0\junit-platform-engine-1.7.0.jar;D:\应用\Maven\Localhost Storehouse\org\mockito\mockito-core\3.6.28\mockito-core-3.6.28.jar;D:\应用\Maven\Localhost Storehouse\net\bytebuddy\byte-buddy\1.10.19\byte-buddy-1.10.19.jar;D:\应用\Maven\Localhost Storehouse\net\bytebuddy\byte-buddy-agent\1.10.19\byte-buddy-agent-1.10.19.jar;D:\应用\Maven\Localhost Storehouse\org\objenesis\objenesis\3.1\objenesis-3.1.jar;D:\应用\Maven\Localhost Storehouse\org\mockito\mockito-junit-jupiter\3.6.28\mockito-junit-jupiter-3.6.28.jar;D:\应用\Maven\Localhost Storehouse\org\skyscreamer\jsonassert\1.5.0\jsonassert-1.5.0.jar;D:\应用\Maven\Localhost Storehouse\com\vaadin\external\google\android-json\0.0.20131108.vaadin1\android-json-0.0.20131108.vaadin1.jar;D:\应用\Maven\Localhost Storehouse\org\springframework\spring-core\5.3.3\spring-core-5.3.3.jar;D:\应用\Maven\Localhost Storehouse\org\springframework\spring-jcl\5.3.3\spring-jcl-5.3.3.jar;D:\应用\Maven\Localhost Storehouse\org\springframework\spring-test\5.3.3\spring-test-5.3.3.jar;D:\应用\Maven\Localhost Storehouse\org\xmlunit\xmlunit-core\2.7.0\xmlunit-core-2.7.0.jar;D:\应用\Maven\Localhost Storehouse\io\jsonwebtoken\jjwt\0.9.0\jjwt-0.9.0.jar;D:\应用\Maven\Localhost Storehouse\com\fasterxml\jackson\core\jackson-databind\2.11.4\jackson-databind-2.11.4.jar;D:\应用\Maven\Localhost Storehouse\com\fasterxml\jackson\core\jackson-core\2.11.4\jackson-core-2.11.4.jar;D:\应用\Maven\Localhost Storehouse\com\github\pagehelper\pagehelper-spring-boot-starter\1.2.3\pagehelper-spring-boot-starter-1.2.3.jar;D:\应用\Maven\Localhost Storehouse\org\mybatis\spring\boot\mybatis-spring-boot-starter\1.3.1\mybatis-spring-boot-starter-1.3.1.jar;D:\应用\Maven\Localhost Storehouse\org\mybatis\spring\boot\mybatis-spring-boot-autoconfigure\1.3.1\mybatis-spring-boot-autoconfigure-1.3.1.jar;D:\应用\Maven\Localhost Storehouse\com\github\pagehelper\pagehelper-spring-boot-autoconfigure\1.2.3\pagehelper-spring-boot-autoconfigure-1.2.3.jar;D:\应用\Maven\Localhost Storehouse\com\github\pagehelper\pagehelper\5.1.2\pagehelper-5.1.2.jar;D:\应用\Maven\Localhost Storehouse\com\github\jsqlparser\jsqlparser\1.0\jsqlparser-1.0.jar;D:\应用\Maven\Localhost Storehouse\com\baomidou\mybatis-plus-boot-starter\3.1.2\mybatis-plus-boot-starter-3.1.2.jar;D:\应用\Maven\Localhost Storehouse\com\baomidou\mybatis-plus\3.1.2\mybatis-plus-3.1.2.jar;D:\应用\Maven\Localhost Storehouse\com\baomidou\mybatis-plus-extension\3.1.2\mybatis-plus-extension-3.1.2.jar;D:\应用\Maven\Localhost Storehouse\com\baomidou\mybatis-plus-core\3.1.2\mybatis-plus-core-3.1.2.jar;D:\应用\Maven\Localhost Storehouse\com\baomidou\mybatis-plus-annotation\3.1.2\mybatis-plus-annotation-3.1.2.jar;D:\应用\Maven\Localhost Storehouse\org\mybatis\mybatis\3.5.1\mybatis-3.5.1.jar;D:\应用\Maven\Localhost Storehouse\org\mybatis\mybatis-spring\2.0.1\mybatis-spring-2.0.1.jar;D:\应用\Maven\Localhost Storehouse\org\springframework\boot\spring-boot-starter-jdbc\2.4.2\spring-boot-starter-jdbc-2.4.2.jar;D:\应用\Maven\Localhost Storehouse\com\zaxxer\HikariCP\3.4.5\HikariCP-3.4.5.jar;D:\应用\Maven\Localhost Storehouse\org\springframework\spring-jdbc\5.3.3\spring-jdbc-5.3.3.jar;D:\应用\Maven\Localhost Storehouse\commons-codec\commons-codec\1.11\commons-codec-1.11.jar;D:\应用\Maven\Localhost Storehouse\mysql\mysql-connector-java\8.0.22\mysql-connector-java-8.0.22.jar;D:\应用\Maven\Localhost Storehouse\com\alibaba\druid-spring-boot-starter\1.1.21\druid-spring-boot-starter-1.1.21.jar;D:\应用\Maven\Localhost Storehouse\com\alibaba\druid\1.1.21\druid-1.1.21.jar;D:\应用\Maven\Localhost Storehouse\org\slf4j\slf4j-api\1.7.30\slf4j-api-1.7.30.jar;D:\应用\Maven\Localhost Storehouse\org\springframework\boot\spring-boot-configuration-processor\2.4.2\spring-boot-configuration-processor-2.4.2.jar;D:\应用\Maven\Localhost Storehouse\com\alibaba\fastjson\1.2.75\fastjson-1.2.75.jar;D:\应用\Maven\Localhost Storehouse\io\springfox\springfox-swagger2\2.9.2\springfox-swagger2-2.9.2.jar;D:\应用\Maven\Localhost Storehouse\io\springfox\springfox-spi\2.9.2\springfox-spi-2.9.2.jar;D:\应用\Maven\Localhost Storehouse\io\springfox\springfox-core\2.9.2\springfox-core-2.9.2.jar;D:\应用\Maven\Localhost Storehouse\io\springfox\springfox-schema\2.9.2\springfox-schema-2.9.2.jar;D:\应用\Maven\Localhost Storehouse\io\springfox\springfox-swagger-common\2.9.2\springfox-swagger-common-2.9.2.jar;D:\应用\Maven\Localhost Storehouse\io\springfox\springfox-spring-web\2.9.2\springfox-spring-web-2.9.2.jar;D:\应用\Maven\Localhost Storehouse\com\google\guava\guava\20.0\guava-20.0.jar;D:\应用\Maven\Localhost Storehouse\com\fasterxml\classmate\1.5.1\classmate-1.5.1.jar;D:\应用\Maven\Localhost Storehouse\org\springframework\plugin\spring-plugin-core\1.2.0.RELEASE\spring-plugin-core-1.2.0.RELEASE.jar;D:\应用\Maven\Localhost Storehouse\org\springframework\plugin\spring-plugin-metadata\1.2.0.RELEASE\spring-plugin-metadata-1.2.0.RELEASE.jar;D:\应用\Maven\Localhost Storehouse\org\mapstruct\mapstruct\1.2.0.Final\mapstruct-1.2.0.Final.jar;D:\应用\Maven\Localhost Storehouse\io\springfox\springfox-swagger-ui\2.9.2\springfox-swagger-ui-2.9.2.jar;D:\应用\Maven\Localhost Storehouse\io\swagger\swagger-annotations\1.5.21\swagger-annotations-1.5.21.jar;D:\应用\Maven\Localhost Storehouse\io\swagger\swagger-models\1.5.21\swagger-models-1.5.21.jar;D:\应用\Maven\Localhost Storehouse\com\fasterxml\jackson\core\jackson-annotations\2.11.4\jackson-annotations-2.11.4.jar;D:\应用\Maven\Localhost Storehouse\org\apache\commons\commons-lang3\3.7\commons-lang3-3.7.jar;D:\应用\Maven\Localhost Storehouse\org\springframework\boot\spring-boot-starter-validation\2.4.2\spring-boot-starter-validation-2.4.2.jar;D:\应用\Maven\Localhost Storehouse\org\glassfish\jakarta.el\3.0.3\jakarta.el-3.0.3.jar;D:\应用\Maven\Localhost Storehouse\org\hibernate\validator\hibernate-validator\6.1.7.Final\hibernate-validator-6.1.7.Final.jar;D:\应用\Maven\Localhost Storehouse\jakarta\validation\jakarta.validation-api\2.0.2\jakarta.validation-api-2.0.2.jar;D:\应用\Maven\Localhost Storehouse\org\jboss\logging\jboss-logging\3.4.1.Final\jboss-logging-3.4.1.Final.jar;D:\应用\Maven\Localhost Storehouse\org\springframework\boot\spring-boot-starter-data-redis\2.4.2\spring-boot-starter-data-redis-2.4.2.jar;D:\应用\Maven\Localhost Storehouse\org\springframework\data\spring-data-redis\2.4.3\spring-data-redis-2.4.3.jar;D:\应用\Maven\Localhost Storehouse\org\springframework\data\spring-data-keyvalue\2.4.3\spring-data-keyvalue-2.4.3.jar;D:\应用\Maven\Localhost Storehouse\org\springframework\data\spring-data-commons\2.4.3\spring-data-commons-2.4.3.jar;D:\应用\Maven\Localhost Storehouse\org\springframework\spring-tx\5.3.3\spring-tx-5.3.3.jar;D:\应用\Maven\Localhost Storehouse\org\springframework\spring-oxm\5.3.3\spring-oxm-5.3.3.jar;D:\应用\Maven\Localhost Storehouse\io\lettuce\lettuce-core\6.0.2.RELEASE\lettuce-core-6.0.2.RELEASE.jar;D:\应用\Maven\Localhost Storehouse\io\netty\netty-common\4.1.58.Final\netty-common-4.1.58.Final.jar;D:\应用\Maven\Localhost Storehouse\io\netty\netty-handler\4.1.58.Final\netty-handler-4.1.58.Final.jar;D:\应用\Maven\Localhost Storehouse\io\netty\netty-resolver\4.1.58.Final\netty-resolver-4.1.58.Final.jar;D:\应用\Maven\Localhost Storehouse\io\netty\netty-buffer\4.1.58.Final\netty-buffer-4.1.58.Final.jar;D:\应用\Maven\Localhost Storehouse\io\netty\netty-codec\4.1.58.Final\netty-codec-4.1.58.Final.jar;D:\应用\Maven\Localhost Storehouse\io\netty\netty-transport\4.1.58.Final\netty-transport-4.1.58.Final.jar;D:\应用\Maven\Localhost Storehouse\io\projectreactor\reactor-core\3.4.2\reactor-core-3.4.2.jar;D:\应用\Maven\Localhost Storehouse\org\reactivestreams\reactive-streams\1.0.3\reactive-streams-1.0.3.jar;D:\应用\Maven\Localhost Storehouse\org\springframework\boot\spring-boot-starter-mail\2.4.2\spring-boot-starter-mail-2.4.2.jar;D:\应用\Maven\Localhost Storehouse\org\springframework\spring-context-support\5.3.3\spring-context-support-5.3.3.jar;D:\应用\Maven\Localhost Storehouse\com\sun\mail\jakarta.mail\1.6.5\jakarta.mail-1.6.5.jar;D:\应用\Maven\Localhost Storehouse\com\sun\activation\jakarta.activation\1.2.2\jakarta.activation-1.2.2.jar;D:\应用\Maven\Localhost Storehouse\org\springframework\boot\spring-boot-starter-thymeleaf\2.4.2\spring-boot-starter-thymeleaf-2.4.2.jar;D:\应用\Maven\Localhost Storehouse\org\thymeleaf\thymeleaf-spring5\3.0.12.RELEASE\thymeleaf-spring5-3.0.12.RELEASE.jar;D:\应用\Maven\Localhost Storehouse\org\thymeleaf\thymeleaf\3.0.12.RELEASE\thymeleaf-3.0.12.RELEASE.jar;D:\应用\Maven\Localhost Storehouse\org\attoparser\attoparser\2.0.5.RELEASE\attoparser-2.0.5.RELEASE.jar;D:\应用\Maven\Localhost Storehouse\org\unbescape\unbescape\1.1.6.RELEASE\unbescape-1.1.6.RELEASE.jar;D:\应用\Maven\Localhost Storehouse\org\thymeleaf\extras\thymeleaf-extras-java8time\3.0.4.RELEASE\thymeleaf-extras-java8time-3.0.4.RELEASE.jar;D:\应用\Maven\Localhost Storehouse\com\alibaba\easyexcel\2.2.6\easyexcel-2.2.6.jar;D:\应用\Maven\Localhost Storehouse\org\apache\poi\poi\3.17\poi-3.17.jar;D:\应用\Maven\Localhost Storehouse\org\apache\commons\commons-collections4\4.1\commons-collections4-4.1.jar;D:\应用\Maven\Localhost Storehouse\org\apache\poi\poi-ooxml\3.17\poi-ooxml-3.17.jar;D:\应用\Maven\Localhost Storehouse\com\github\virtuald\curvesapi\1.04\curvesapi-1.04.jar;D:\应用\Maven\Localhost Storehouse\org\apache\poi\poi-ooxml-schemas\3.17\poi-ooxml-schemas-3.17.jar;D:\应用\Maven\Localhost Storehouse\org\apache\xmlbeans\xmlbeans\2.6.0\xmlbeans-2.6.0.jar;D:\应用\Maven\Localhost Storehouse\stax\stax-api\1.0.1\stax-api-1.0.1.jar;D:\应用\Maven\Localhost Storehouse\cglib\cglib\3.1\cglib-3.1.jar;D:\应用\Maven\Localhost Storehouse\org\ow2\asm\asm\4.2\asm-4.2.jar;D:\应用\Maven\Localhost Storehouse\org\ehcache\ehcache\3.9.0\ehcache-3.9.0.jar;D:\应用\Maven\Localhost Storehouse\org\glassfish\jaxb\jaxb-runtime\2.3.3\jaxb-runtime-2.3.3.jar;D:\应用\Maven\Localhost Storehouse\org\glassfish\jaxb\txw2\2.3.3\txw2-2.3.3.jar;D:\应用\Maven\Localhost Storehouse\com\sun\istack\istack-commons-runtime\3.0.11\istack-commons-runtime-3.0.11.jar;"/>
    <property name="sun.cpu.endian" value="little"/>
    <property name="user.home" value="C:\Users\YJP"/>
    <property name="user.language" value="zh"/>
    <property name="java.specification.vendor" value="Oracle Corporation"/>
    <property name="java.home" value="D:\JDK\jre"/>
    <property name="basedir" value="E:\Java\notes\jwt"/>
    <property name="file.separator" value="\"/>
    <property name="line.separator" value="&#10;"/>
    <property name="java.vm.specification.vendor" value="Oracle Corporation"/>
    <property name="java.specification.name" value="Java Platform API Specification"/>
    <property name="java.awt.graphicsenv" value="sun.awt.Win32GraphicsEnvironment"/>
    <property name="surefire.real.class.path" value="C:\Users\YJP\AppData\Local\Temp\surefire2006917281320342146\surefirebooter8967043952370143894.jar"/>
    <property name="sun.boot.class.path" value="D:\JDK\jre\lib\resources.jar;D:\JDK\jre\lib\rt.jar;D:\JDK\jre\lib\sunrsasign.jar;D:\JDK\jre\lib\jsse.jar;D:\JDK\jre\lib\jce.jar;D:\JDK\jre\lib\charsets.jar;D:\JDK\jre\lib\jfr.jar;D:\JDK\jre\classes"/>
    <property name="user.script" value=""/>
    <property name="sun.management.compiler" value="HotSpot 64-Bit Tiered Compilers"/>
    <property name="java.runtime.version" value="1.8.0_191-b12"/>
    <property name="user.name" value="YJP"/>
    <property name="path.separator" value=";"/>
    <property name="os.version" value="10.0"/>
    <property name="java.endorsed.dirs" value="D:\JDK\jre\lib\endorsed"/>
    <property name="java.runtime.name" value="Java(TM) SE Runtime Environment"/>
    <property name="file.encoding" value="GBK"/>
    <property name="java.vm.name" value="Java HotSpot(TM) 64-Bit Server VM"/>
    <property name="localRepository" value="D:\应用\Maven\Localhost Storehouse"/>
    <property name="java.vendor.url.bug" value="http://bugreport.sun.com/bugreport/"/>
    <property name="java.io.tmpdir" value="C:\Users\YJP\AppData\Local\Temp\"/>
    <property name="java.version" value="1.8.0_191"/>
    <property name="user.dir" value="E:\Java\notes\jwt"/>
    <property name="os.arch" value="amd64"/>
    <property name="java.vm.specification.name" value="Java Virtual Machine Specification"/>
    <property name="java.awt.printerjob" value="sun.awt.windows.WPrinterJob"/>
    <property name="sun.os.patch.level" value=""/>
    <property name="java.library.path" value="D:\JDK\jre\bin;C:\Windows\Sun\Java\bin;C:\Windows\system32;C:\Windows;C:\Windows\system32;C:\Windows;C:\Windows\System32\Wbem;C:\Windows\System32\WindowsPowerShell\v1.0\;C:\Windows\System32\OpenSSH\;C:\Program Files\MySQL\MySQL Server 8.0\bin;D:\JDK\bin;D:\应用\Maven\apache-maven-3.6.3\bin;D;D:\应用\Nodejs;D;\MATLAB\runtime\win64;D:\MATLAB\bin;D:\Git\Git\cmd;D:\Xshell\;D:\Xftp\;C:\Users\YJP\AppData\Local\Microsoft\WindowsApps;;D:\应用\IDEA\IntelliJ IDEA 2019.3.3\bin;;D:\应用\压缩软件\;C:\Users\YJP\AppData\Roaming\npm;."/>
    <property name="java.vm.info" value="mixed mode"/>
    <property name="java.vendor" value="Oracle Corporation"/>
    <property name="java.vm.version" value="25.191-b12"/>
    <property name="java.ext.dirs" value="D:\JDK\jre\lib\ext;C:\Windows\Sun\Java\lib\ext"/>
    <property name="sun.io.unicode.encoding" value="UnicodeLittle"/>
    <property name="java.class.version" value="52.0"/>
  </properties>
  <testcase name="contextLoads" classname="org.youyuan.jwt.JwtApplicationTests" time="0.151"/>
</testsuite>